Traceback (most recent call last):
  File "/home/anri/Documents/anaconda3/envs/jupyterbook/lib/python3.10/site-packages/jupyter_cache/executors/utils.py", line 58, in single_nb_execution
    executenb(
  File "/home/anri/Documents/anaconda3/envs/jupyterbook/lib/python3.10/site-packages/nbclient/client.py", line 1314, in execute
    return NotebookClient(nb=nb, resources=resources, km=km, **kwargs).execute()
  File "/home/anri/Documents/anaconda3/envs/jupyterbook/lib/python3.10/site-packages/jupyter_core/utils/__init__.py", line 165, in wrapped
    return loop.run_until_complete(inner)
  File "/home/anri/Documents/anaconda3/envs/jupyterbook/lib/python3.10/asyncio/base_events.py", line 649, in run_until_complete
    return future.result()
  File "/home/anri/Documents/anaconda3/envs/jupyterbook/lib/python3.10/site-packages/nbclient/client.py", line 709, in async_execute
    await self.async_execute_cell(
  File "/home/anri/Documents/anaconda3/envs/jupyterbook/lib/python3.10/site-packages/nbclient/client.py", line 1062, in async_execute_cell
    await self._check_raise_for_error(cell, cell_index, exec_reply)
  File "/home/anri/Documents/anaconda3/envs/jupyterbook/lib/python3.10/site-packages/nbclient/client.py", line 918, in _check_raise_for_error
    raise CellExecutionError.from_cell_and_msg(cell, exec_reply_content)
nbclient.exceptions.CellExecutionError: An error occurred while executing the following cell:
------------------
# Read the data
data = pd.read_csv('minimumloon_werknemers.csv')

# Convert the data to a DataFrame
df = pd.DataFrame(data)

# Create the bar chart using Plotly
fig = px.bar(
    df,
    x="age",
    y="percentage_minimum_wage",
    title="Percentage of Workers Working for Minimum Wage by Age Range in 2018 in the Netherlands",
    labels={"percentage_minimum_wage": "Percentage Minimum Wage (%)", "Age Range": "Age Range"}
)

# Update the bar chart to remove the legend and set all bars to the same color
fig.update_traces(marker_color='#ff8f40', showlegend=False)

# Update layout for better presentation
fig.update_layout(
    xaxis_title='Age Range',
    yaxis_title='Percentage Minimum Wage (%)',
    title="Percentage of Workers Working for Minimum Wage by Age Range in 2018 in the Netherlands",
    margin=dict(l=0, r=0, t=50, b=0)
)

# Show the plot
fig.show()
------------------


[0;31m---------------------------------------------------------------------------[0m
[0;31mNameError[0m                                 Traceback (most recent call last)
Cell [0;32mIn[3], line 8[0m
[1;32m      5[0m df [38;5;241m=[39m pd[38;5;241m.[39mDataFrame(data)
[1;32m      7[0m [38;5;66;03m# Create the bar chart using Plotly[39;00m
[0;32m----> 8[0m fig [38;5;241m=[39m [43mpx[49m[38;5;241m.[39mbar(
[1;32m      9[0m     df,
[1;32m     10[0m     x[38;5;241m=[39m[38;5;124m"[39m[38;5;124mage[39m[38;5;124m"[39m,
[1;32m     11[0m     y[38;5;241m=[39m[38;5;124m"[39m[38;5;124mpercentage_minimum_wage[39m[38;5;124m"[39m,
[1;32m     12[0m     title[38;5;241m=[39m[38;5;124m"[39m[38;5;124mPercentage of Workers Working for Minimum Wage by Age Range in 2018 in the Netherlands[39m[38;5;124m"[39m,
[1;32m     13[0m     labels[38;5;241m=[39m{[38;5;124m"[39m[38;5;124mpercentage_minimum_wage[39m[38;5;124m"[39m: [38;5;124m"[39m[38;5;124mPercentage Minimum Wage ([39m[38;5;124m%[39m[38;5;124m)[39m[38;5;124m"[39m, [38;5;124m"[39m[38;5;124mAge Range[39m[38;5;124m"[39m: [38;5;124m"[39m[38;5;124mAge Range[39m[38;5;124m"[39m}
[1;32m     14[0m )
[1;32m     16[0m [38;5;66;03m# Update the bar chart to remove the legend and set all bars to the same color[39;00m
[1;32m     17[0m fig[38;5;241m.[39mupdate_traces(marker_color[38;5;241m=[39m[38;5;124m'[39m[38;5;124m#ff8f40[39m[38;5;124m'[39m, showlegend[38;5;241m=[39m[38;5;28;01mFalse[39;00m)

[0;31mNameError[0m: name 'px' is not defined

